<?xml version="1.0" encoding="UTF-8"?>
<!-- Generated by org.testng.reporters.JUnitReportReporter -->
<testsuite hostname="ERROR" failures="0" tests="8" name="HomePage.HomePageTestCases" time="12.410" errors="0" timestamp="2024-03-20T02:40:13 EET" skipped="0">
  <testcase classname="HomePage.HomePageTestCases" name="checkQitafLogo" time="0.047"/>
  <system-out/>
  <testcase classname="HomePage.HomePageTestCases" name="checkFlightsDate" time="0.106"/>
  <system-out/>
  <testcase classname="HomePage.HomePageTestCases" name="checkHotelTabIsNotSelected" time="0.153"/>
  <system-out/>
  <testcase classname="HomePage.HomePageTestCases" name="checkContactNumber" time="0.082"/>
  <system-out/>
  <testcase classname="HomePage.HomePageTestCases" name="defaultCurrencySARTest" time="0.046"/>
  <system-out/>
  <testcase classname="HomePage.HomePageTestCases" name="defaultEnglishLanguageTest" time="0.150"/>
  <system-out/>
  <testcase classname="HomePage.HomePageTestCases" name="randomlyChooseLanguages" time="0.582"/>
  <system-out/>
  <testcase classname="HomePage.HomePageTestCases" name="searchHotelProcces" time="11.244"/>
  <system-out/>
</testsuite> <!-- HomePage.HomePageTestCases -->
