<?xml version="1.0" encoding="UTF-8"?>
<!-- Generated by org.testng.reporters.JUnitReportReporter -->
<testsuite hostname="ERROR" failures="0" tests="6" name="HomePage.HomePageTestCases" time="0.231" errors="0" timestamp="2024-03-18T04:53:15 EET" skipped="0">
  <testcase classname="HomePage.HomePageTestCases" name="checkFlightsDate" time="0.061"/>
  <system-out/>
  <testcase classname="HomePage.HomePageTestCases" name="checkHotelTabIsNotSelected" time="0.031"/>
  <system-out/>
  <testcase classname="HomePage.HomePageTestCases" name="defaultCurrencySARTest" time="0.029"/>
  <system-out/>
  <testcase classname="HomePage.HomePageTestCases" name="defaultEnglishLanguageTest" time="0.026"/>
  <system-out/>
  <testcase classname="HomePage.HomePageTestCases" name="checkQitafLogo" time="0.034"/>
  <system-out/>
  <testcase classname="HomePage.HomePageTestCases" name="checkContactNumber" time="0.050"/>
  <system-out/>
</testsuite> <!-- HomePage.HomePageTestCases -->
