<?xml version="1.0" encoding="UTF-8"?>
<!-- Generated by org.testng.reporters.JUnitReportReporter -->
<testsuite hostname="ERROR" failures="0" tests="8" name="HomePage.HomePageTestCases" time="15.433" errors="0" timestamp="2024-03-19T04:26:44 EET" skipped="0">
  <testcase classname="HomePage.HomePageTestCases" name="checkQitafLogo" time="0.036"/>
  <system-out/>
  <testcase classname="HomePage.HomePageTestCases" name="checkFlightsDate" time="0.073"/>
  <system-out/>
  <testcase classname="HomePage.HomePageTestCases" name="checkHotelTabIsNotSelected" time="0.034"/>
  <system-out/>
  <testcase classname="HomePage.HomePageTestCases" name="checkContactNumber" time="0.051"/>
  <system-out/>
  <testcase classname="HomePage.HomePageTestCases" name="defaultCurrencySARTest" time="0.035"/>
  <system-out/>
  <testcase classname="HomePage.HomePageTestCases" name="defaultEnglishLanguageTest" time="0.109"/>
  <system-out/>
  <testcase classname="HomePage.HomePageTestCases" name="randomlyChooseLanguages" time="0.037"/>
  <system-out/>
  <testcase classname="HomePage.HomePageTestCases" name="searchHotelProcces" time="15.058"/>
  <system-out/>
</testsuite> <!-- HomePage.HomePageTestCases -->
