<?xml version="1.0" encoding="UTF-8"?>
<!-- Generated by org.testng.reporters.JUnitReportReporter -->
<testsuite hostname="ERROR" failures="0" tests="2" name="HotelPage.HotelPageTestCase" time="17.686" errors="0" timestamp="2024-03-20T02:16:16 EET" skipped="0">
  <testcase classname="HotelPage.HotelPageTestCase" name="searchHotelProcces" time="10.735"/>
  <system-out/>
  <testcase classname="HotelPage.HotelPageTestCase" name="checkLowPriceFilter" time="6.951"/>
  <system-out/>
</testsuite> <!-- HotelPage.HotelPageTestCase -->
